TN:
SF:src/app.ts
FNF:0
FNH:0
DA:1,1
DA:2,1
DA:3,1
DA:4,1
DA:5,1
DA:6,1
DA:7,1
DA:8,1
DA:9,1
DA:10,1
DA:11,1
DA:12,1
DA:13,1
DA:14,1
DA:15,1
DA:16,1
DA:17,1
DA:18,1
DA:19,1
DA:20,1
DA:21,1
DA:22,1
DA:23,1
DA:24,1
DA:25,1
DA:26,1
DA:27,1
DA:28,96
DA:29,96
DA:30,96
DA:31,96
DA:32,96
DA:33,1
DA:34,1
DA:35,1
DA:36,1
DA:37,1
DA:38,1
DA:39,1
LF:39
LH:39
BRDA:27,0,0,96
BRF:1
BRH:1
end_of_record
TN:
SF:src/env-variables.ts
FNF:0
FNH:0
DA:1,1
DA:2,1
DA:3,1
DA:4,1
DA:5,1
DA:6,1
DA:7,1
DA:8,1
DA:9,1
DA:10,1
DA:11,1
DA:12,1
DA:13,1
DA:14,1
DA:15,1
DA:16,1
DA:17,1
DA:18,1
DA:19,1
DA:20,1
DA:21,1
LF:21
LH:21
BRF:0
BRH:0
end_of_record
TN:
SF:src/database/mongoose.ts
FNF:0
FNH:0
DA:1,1
DA:2,1
DA:3,1
DA:4,1
DA:5,1
DA:6,1
DA:7,1
DA:8,1
DA:9,0
DA:10,1
DA:11,0
DA:12,1
DA:13,0
DA:14,0
DA:15,1
DA:16,0
DA:17,0
DA:18,1
DA:19,1
DA:20,1
DA:21,1
DA:22,1
DA:23,0
DA:24,0
LF:24
LH:16
BRDA:8,0,0,0
BRDA:10,1,0,0
BRDA:12,2,0,0
BRDA:15,3,0,0
BRDA:22,4,0,0
BRF:5
BRH:0
end_of_record
TN:
SF:src/models/reservations/reservantions-models.ts
FNF:0
FNH:0
DA:1,1
DA:2,1
DA:3,1
DA:4,1
DA:5,1
DA:6,1
DA:7,1
DA:8,1
DA:9,1
DA:10,1
DA:11,1
DA:12,1
DA:13,1
DA:14,1
DA:15,1
DA:16,1
DA:17,1
DA:18,1
DA:19,1
DA:20,1
DA:21,1
DA:22,1
DA:23,1
DA:24,1
DA:25,1
DA:26,1
DA:27,1
DA:28,1
DA:29,1
DA:30,1
DA:31,1
DA:32,1
DA:33,1
DA:34,1
DA:35,1
DA:36,1
LF:36
LH:36
BRF:0
BRH:0
end_of_record
TN:
SF:src/models/reservations/reservation.ts
FN:18,calcularPeriodosDisponibles
FN:47,formatTime
FNF:2
FNH:2
FNDA:7,calcularPeriodosDisponibles
FNDA:104,formatTime
DA:1,1
DA:2,1
DA:3,1
DA:4,1
DA:5,1
DA:6,1
DA:7,1
DA:8,1
DA:9,1
DA:10,1
DA:11,1
DA:12,1
DA:13,1
DA:14,1
DA:15,1
DA:16,1
DA:17,1
DA:18,1
DA:19,7
DA:20,7
DA:21,7
DA:22,7
DA:23,7
DA:24,7
DA:25,7
DA:26,7
DA:27,7
DA:28,7
DA:29,7
DA:30,7
DA:31,7
DA:32,7
DA:33,7
DA:34,7
DA:35,52
DA:36,52
DA:37,52
DA:38,52
DA:39,52
DA:40,52
DA:41,52
DA:42,7
DA:43,7
DA:44,7
DA:45,1
DA:46,1
DA:47,104
DA:48,104
DA:49,104
DA:50,104
DA:51,104
LF:51
LH:51
BRDA:18,0,0,7
BRDA:21,1,0,1
BRDA:34,2,0,52
BRDA:47,3,0,104
BRF:4
BRH:4
end_of_record
TN:
SF:src/models/restaurants/restaurants-models.ts
FN:125,validateRestaurantSchema
FN:160,validateRestaurantSchemaEdit
FNF:2
FNH:2
FNDA:9,validateRestaurantSchema
FNDA:3,validateRestaurantSchemaEdit
DA:1,1
DA:2,1
DA:3,1
DA:4,1
DA:5,1
DA:6,1
DA:7,1
DA:8,1
DA:9,1
DA:10,1
DA:11,1
DA:12,1
DA:13,1
DA:14,1
DA:15,1
DA:16,1
DA:17,1
DA:18,1
DA:19,1
DA:20,1
DA:21,1
DA:22,1
DA:23,1
DA:24,1
DA:25,1
DA:26,1
DA:27,1
DA:28,1
DA:29,1
DA:30,1
DA:31,1
DA:32,1
DA:33,1
DA:34,1
DA:35,1
DA:36,1
DA:37,1
DA:38,1
DA:39,1
DA:40,1
DA:41,1
DA:42,1
DA:43,1
DA:44,1
DA:45,1
DA:46,1
DA:47,1
DA:48,1
DA:49,1
DA:50,1
DA:51,1
DA:52,1
DA:53,1
DA:54,1
DA:55,1
DA:56,1
DA:57,1
DA:58,1
DA:59,1
DA:60,1
DA:61,1
DA:62,1
DA:63,1
DA:64,1
DA:65,1
DA:66,1
DA:67,1
DA:68,1
DA:69,1
DA:70,1
DA:71,1
DA:72,1
DA:73,1
DA:74,1
DA:75,1
DA:76,1
DA:77,1
DA:78,1
DA:79,1
DA:80,1
DA:81,1
DA:82,1
DA:83,1
DA:84,1
DA:85,1
DA:86,1
DA:87,1
DA:88,1
DA:89,1
DA:90,1
DA:91,1
DA:92,1
DA:93,1
DA:94,1
DA:95,1
DA:96,1
DA:97,1
DA:98,1
DA:99,1
DA:100,1
DA:101,1
DA:102,1
DA:103,1
DA:104,1
DA:105,1
DA:106,1
DA:107,1
DA:108,1
DA:109,1
DA:110,1
DA:111,1
DA:112,1
DA:113,1
DA:114,1
DA:115,1
DA:116,1
DA:117,1
DA:118,1
DA:119,1
DA:120,1
DA:121,1
DA:122,1
DA:123,1
DA:124,1
DA:125,1
DA:126,9
DA:127,9
DA:128,9
DA:129,9
DA:130,9
DA:131,9
DA:132,9
DA:133,9
DA:134,9
DA:135,9
DA:136,9
DA:137,9
DA:138,9
DA:139,9
DA:140,9
DA:141,9
DA:142,9
DA:143,9
DA:144,6
DA:145,2
DA:146,2
DA:147,4
DA:148,2
DA:149,2
DA:150,2
DA:151,2
DA:152,2
DA:153,6
DA:154,3
DA:155,3
DA:156,3
DA:157,1
DA:158,1
DA:159,1
DA:160,1
DA:161,3
DA:162,2
DA:163,2
DA:164,2
DA:165,1
DA:166,1
DA:167,1
DA:168,1
DA:169,2
DA:170,2
DA:171,2
DA:172,2
DA:173,2
DA:174,2
DA:175,1
DA:176,1
DA:177,1
DA:178,1
DA:179,2
DA:180,1
DA:181,1
DA:182,1
LF:182
LH:182
BRDA:125,0,0,9
BRDA:143,1,0,6
BRDA:143,2,0,6
BRDA:144,3,0,3
BRDA:144,4,0,5
BRDA:144,5,0,3
BRDA:144,6,0,2
BRDA:147,7,0,4
BRDA:147,8,0,2
BRDA:147,9,0,3
BRDA:147,10,0,2
BRDA:147,11,0,2
BRDA:150,12,0,1
BRDA:150,13,0,1
BRDA:154,14,0,3
BRDA:160,15,0,3
BRDA:161,16,0,2
BRDA:164,17,0,1
BRDA:165,18,0,0
BRDA:174,19,0,1
BRDA:175,20,0,0
BRDA:180,21,0,1
BRF:22
BRH:20
end_of_record
TN:
SF:src/models/restaurants/restaurants.ts
FN:4,addHistoricReservations
FNF:1
FNH:1
FNDA:6,addHistoricReservations
DA:1,1
DA:2,1
DA:3,1
DA:4,1
DA:5,6
DA:6,6
DA:7,6
DA:8,6
DA:9,6
DA:10,4
DA:11,4
DA:12,4
DA:13,4
DA:14,4
DA:15,4
DA:16,1
DA:17,1
DA:18,1
DA:19,1
DA:20,1
DA:21,1
DA:22,1
DA:23,4
DA:24,6
DA:25,6
DA:26,0
DA:27,0
DA:28,6
LF:28
LH:26
BRDA:4,0,0,6
BRDA:7,1,0,0
BRDA:9,2,0,4
BRDA:12,3,0,0
BRDA:15,4,0,1
BRDA:25,5,0,0
BRF:6
BRH:3
end_of_record
TN:
SF:src/models/users/users-model.ts
FN:88,validateUserSchema
FN:119,validateUserSchemaEdit
FNF:2
FNH:2
FNDA:9,validateUserSchema
FNDA:3,validateUserSchemaEdit
DA:1,1
DA:2,1
DA:3,1
DA:4,1
DA:5,1
DA:6,1
DA:7,1
DA:8,1
DA:9,1
DA:10,1
DA:11,1
DA:12,1
DA:13,1
DA:14,1
DA:15,1
DA:16,1
DA:17,1
DA:18,1
DA:19,1
DA:20,1
DA:21,1
DA:22,1
DA:23,1
DA:24,1
DA:25,1
DA:26,1
DA:27,1
DA:28,1
DA:29,1
DA:30,1
DA:31,1
DA:32,1
DA:33,1
DA:34,1
DA:35,1
DA:36,1
DA:37,1
DA:38,1
DA:39,1
DA:40,1
DA:41,1
DA:42,1
DA:43,1
DA:44,1
DA:45,1
DA:46,1
DA:47,1
DA:48,1
DA:49,1
DA:50,1
DA:51,1
DA:52,1
DA:53,1
DA:54,1
DA:55,1
DA:56,1
DA:57,1
DA:58,1
DA:59,1
DA:60,1
DA:61,1
DA:62,1
DA:63,1
DA:64,1
DA:65,1
DA:66,1
DA:67,1
DA:68,1
DA:69,1
DA:70,1
DA:71,1
DA:72,1
DA:73,1
DA:74,1
DA:75,1
DA:76,1
DA:77,1
DA:78,1
DA:79,1
DA:80,1
DA:81,1
DA:82,1
DA:83,1
DA:84,1
DA:85,1
DA:86,1
DA:87,1
DA:88,1
DA:89,9
DA:90,9
DA:91,9
DA:92,9
DA:93,9
DA:94,9
DA:95,9
DA:96,9
DA:97,9
DA:98,9
DA:99,9
DA:100,9
DA:101,9
DA:102,9
DA:103,9
DA:104,9
DA:105,9
DA:106,9
DA:107,3
DA:108,1
DA:109,3
DA:110,1
DA:111,1
DA:112,1
DA:113,1
DA:114,3
DA:115,6
DA:116,6
DA:117,6
DA:118,1
DA:119,1
DA:120,3
DA:121,2
DA:122,2
DA:123,2
DA:124,2
DA:125,1
DA:126,1
DA:127,1
DA:128,1
DA:129,2
DA:130,2
DA:131,3
DA:132,1
DA:133,1
DA:134,1
DA:135,1
DA:136,1
DA:137,1
DA:138,1
DA:139,1
DA:140,1
DA:141,1
DA:142,1
DA:143,1
LF:143
LH:143
BRDA:88,0,0,9
BRDA:106,1,0,6
BRDA:106,2,0,3
BRDA:107,3,0,2
BRDA:107,4,0,0
BRDA:107,5,0,1
BRDA:109,6,0,2
BRDA:109,7,0,1
BRDA:109,8,0,0
BRDA:109,9,0,1
BRDA:111,10,0,0
BRDA:115,11,0,6
BRDA:119,12,0,3
BRDA:120,13,0,2
BRDA:124,14,0,1
BRDA:124,15,0,1
BRDA:125,16,0,0
BRDA:131,17,0,1
BRDA:135,18,0,0
BRDA:136,19,0,0
BRF:20
BRH:14
end_of_record
TN:
SF:src/models/users/users.ts
FN:4,addHistoricReservations
FNF:1
FNH:1
FNDA:11,addHistoricReservations
DA:1,1
DA:2,1
DA:3,1
DA:4,1
DA:5,11
DA:6,11
DA:7,11
DA:8,9
DA:9,11
DA:10,7
DA:11,7
DA:12,7
DA:13,6
DA:14,6
DA:15,7
DA:16,0
DA:17,0
DA:18,0
DA:19,0
DA:20,0
DA:21,0
DA:22,0
DA:23,7
DA:24,8
DA:25,11
DA:26,0
DA:27,0
DA:28,11
LF:28
LH:19
BRDA:4,0,0,11
BRDA:7,1,0,2
BRDA:8,2,0,9
BRDA:9,3,0,7
BRDA:12,4,0,1
BRDA:13,5,0,6
BRDA:15,6,0,0
BRDA:24,7,0,8
BRDA:25,8,0,0
BRF:9
BRH:7
end_of_record
TN:
SF:src/routers/login/login-routers.ts
FNF:0
FNH:0
DA:1,1
DA:2,1
DA:3,1
DA:4,1
DA:5,1
DA:6,1
DA:7,1
DA:8,1
DA:9,1
DA:10,1
DA:11,1
DA:12,1
DA:13,1
DA:14,1
DA:15,1
DA:16,1
DA:17,1
DA:18,18
DA:19,18
DA:20,18
DA:21,14
DA:22,14
DA:23,14
DA:24,14
DA:25,7
DA:26,7
DA:27,7
DA:28,7
DA:29,7
DA:30,7
DA:31,7
DA:32,7
DA:33,7
DA:34,7
DA:35,0
DA:36,0
DA:37,7
DA:38,7
DA:39,7
DA:40,3
DA:41,3
DA:42,3
DA:43,3
DA:44,3
DA:45,3
DA:46,3
DA:47,3
DA:48,3
DA:49,3
DA:50,3
DA:51,0
DA:52,0
DA:53,3
DA:54,7
DA:55,4
DA:56,4
DA:57,14
DA:58,18
DA:59,4
DA:60,4
DA:61,18
DA:62,18
DA:63,0
DA:64,0
DA:65,0
DA:66,0
DA:67,0
DA:68,0
DA:69,0
DA:70,18
DA:71,1
LF:71
LH:60
BRDA:17,0,0,18
BRDA:20,1,0,16
BRDA:20,2,0,14
BRDA:24,3,0,8
BRDA:24,4,0,7
BRDA:34,5,0,0
BRDA:39,6,0,4
BRDA:39,7,0,3
BRDA:50,8,0,0
BRDA:54,9,0,4
BRDA:58,10,0,4
BRDA:62,11,0,0
BRF:12
BRH:9
end_of_record
TN:
SF:src/routers/reservations/reservation-routers.ts
FNF:0
FNH:0
DA:1,1
DA:2,1
DA:3,1
DA:4,1
DA:5,1
DA:6,1
DA:7,1
DA:8,1
DA:9,1
DA:10,1
DA:11,1
DA:12,1
DA:13,1
DA:14,1
DA:15,1
DA:16,1
DA:17,1
DA:18,1
DA:19,1
DA:20,1
DA:21,1
DA:22,1
DA:23,1
DA:24,1
DA:25,1
DA:26,1
DA:27,1
DA:28,1
DA:29,5
DA:30,5
DA:31,5
DA:32,5
DA:33,5
DA:34,4
DA:35,4
DA:36,4
DA:37,4
DA:38,4
DA:39,4
DA:40,4
DA:41,4
DA:42,3
DA:43,3
DA:44,3
DA:45,3
DA:46,3
DA:47,3
DA:48,3
DA:49,3
DA:50,3
DA:51,3
DA:52,3
DA:53,3
DA:54,3
DA:55,3
DA:56,3
DA:57,3
DA:58,3
DA:59,3
DA:60,3
DA:61,3
DA:62,9
DA:63,9
DA:64,9
DA:65,9
DA:66,9
DA:67,3
DA:68,3
DA:69,3
DA:70,3
DA:71,3
DA:72,3
DA:73,3
DA:74,9
DA:75,9
DA:76,9
DA:77,9
DA:78,9
DA:79,9
DA:80,9
DA:81,9
DA:82,5
DA:83,5
DA:84,9
DA:85,3
DA:86,3
DA:87,3
DA:88,2
DA:89,8
DA:90,8
DA:91,0
DA:92,0
DA:93,8
DA:94,2
DA:95,3
DA:96,9
DA:97,3
DA:98,3
DA:99,4
DA:100,2
DA:101,2
DA:102,5
DA:103,0
DA:104,0
DA:105,0
DA:106,0
DA:107,0
DA:108,0
DA:109,0
DA:110,1
DA:111,1
DA:112,1
DA:113,3
DA:114,3
DA:115,3
DA:116,3
DA:117,3
DA:118,1
DA:119,1
DA:120,1
DA:121,1
DA:122,1
DA:123,1
DA:124,1
DA:125,1
DA:126,1
DA:127,1
DA:128,1
DA:129,1
DA:130,1
DA:131,1
DA:132,3
DA:133,1
DA:134,1
DA:135,1
DA:136,1
DA:137,1
DA:138,1
DA:139,1
DA:140,1
DA:141,1
DA:142,1
DA:143,3
DA:144,1
DA:145,1
DA:146,1
DA:147,1
DA:148,10
DA:149,10
DA:150,8
DA:151,8
DA:152,7
DA:153,7
DA:154,7
DA:155,7
DA:156,7
DA:157,5
DA:158,5
DA:159,5
DA:160,5
DA:161,5
DA:162,5
DA:163,5
DA:164,5
DA:165,5
DA:166,5
DA:167,5
DA:168,5
DA:169,0
DA:170,0
DA:171,5
DA:172,0
DA:173,0
DA:174,7
DA:175,2
DA:176,2
DA:177,7
DA:178,0
DA:179,0
DA:180,8
DA:181,0
DA:182,0
DA:183,10
DA:184,2
DA:185,2
DA:186,10
DA:187,10
DA:188,1
DA:189,1
DA:190,10
DA:191,1
DA:192,1
DA:193,1
DA:194,5
DA:195,5
DA:196,4
DA:197,4
DA:198,3
DA:199,3
DA:200,3
DA:201,3
DA:202,1
DA:203,1
DA:204,1
DA:205,1
DA:206,1
DA:207,1
DA:208,0
DA:209,0
DA:210,3
DA:211,2
DA:212,2
DA:213,3
DA:214,3
DA:215,0
DA:216,0
DA:217,4
DA:218,0
DA:219,0
DA:220,4
DA:221,5
DA:222,1
DA:223,1
DA:224,5
DA:225,5
DA:226,5
DA:227,1
DA:228,1
DA:229,5
DA:230,1
LF:230
LH:207
BRDA:28,0,0,5
BRDA:33,1,0,4
BRDA:41,2,0,3
BRDA:61,3,0,9
BRDA:66,4,0,3
BRDA:66,5,0,3
BRDA:73,6,0,9
BRDA:81,7,0,5
BRDA:81,8,0,5
BRDA:87,9,0,2
BRDA:88,10,0,8
BRDA:90,11,0,0
BRDA:100,12,0,2
BRDA:102,13,0,0
BRDA:112,14,0,3
BRDA:117,15,0,2
BRDA:117,16,0,1
BRDA:133,17,0,1
BRDA:147,18,0,10
BRDA:149,19,0,9
BRDA:149,20,0,9
BRDA:149,21,0,9
BRDA:149,22,0,8
BRDA:151,23,0,7
BRDA:156,24,0,6
BRDA:156,25,0,5
BRDA:168,26,0,0
BRDA:171,27,0,0
BRDA:174,28,0,2
BRDA:177,29,0,0
BRDA:180,30,0,0
BRDA:183,31,0,2
BRDA:187,32,0,1
BRDA:193,33,0,5
BRDA:195,34,0,4
BRDA:195,35,0,4
BRDA:195,36,0,4
BRDA:197,37,0,3
BRDA:201,38,0,1
BRDA:207,39,0,0
BRDA:210,40,0,2
BRDA:214,41,0,0
BRDA:217,42,0,0
BRDA:221,43,0,1
BRDA:226,44,0,1
BRF:45
BRH:36
end_of_record
TN:
SF:src/routers/restaurants/restaurants-routes.ts
FNF:0
FNH:0
DA:1,1
DA:2,1
DA:3,1
DA:4,1
DA:5,1
DA:6,1
DA:7,1
DA:8,1
DA:9,1
DA:10,1
DA:11,1
DA:12,1
DA:13,1
DA:14,1
DA:15,1
DA:16,1
DA:17,1
DA:18,10
DA:19,10
DA:20,10
DA:21,10
DA:22,10
DA:23,9
DA:24,9
DA:25,9
DA:26,9
DA:27,9
DA:28,9
DA:29,9
DA:30,9
DA:31,9
DA:32,9
DA:33,9
DA:34,9
DA:35,9
DA:36,9
DA:37,9
DA:38,9
DA:39,9
DA:40,9
DA:41,0
DA:42,0
DA:43,9
DA:44,8
DA:45,8
DA:46,9
DA:47,0
DA:48,0
DA:49,9
DA:50,9
DA:51,6
DA:52,6
DA:53,3
DA:54,3
DA:55,3
DA:56,3
DA:57,9
DA:58,0
DA:59,0
DA:60,0
DA:61,0
DA:62,0
DA:63,0
DA:64,9
DA:65,9
DA:66,1
DA:67,1
DA:68,1
DA:69,1
DA:70,10
DA:71,10
DA:72,0
DA:73,0
DA:74,0
DA:75,0
DA:76,0
DA:77,0
DA:78,0
DA:79,1
DA:80,1
DA:81,1
DA:82,1
DA:83,5
DA:84,5
DA:85,4
DA:86,4
DA:87,3
DA:88,3
DA:89,3
DA:90,2
DA:91,2
DA:92,0
DA:93,0
DA:94,2
DA:95,2
DA:96,2
DA:97,2
DA:98,2
DA:99,2
DA:100,2
DA:101,2
DA:102,2
DA:103,2
DA:104,2
DA:105,2
DA:106,2
DA:107,2
DA:108,2
DA:109,2
DA:110,2
DA:111,2
DA:112,2
DA:113,2
DA:114,2
DA:115,2
DA:116,0
DA:117,0
DA:118,0
DA:119,3
DA:120,1
DA:121,1
DA:122,3
DA:123,3
DA:124,0
DA:125,0
DA:126,4
DA:127,0
DA:128,0
DA:129,5
DA:130,1
DA:131,1
DA:132,5
DA:133,5
DA:134,1
DA:135,1
DA:136,1
DA:137,1
DA:138,1
DA:139,1
DA:140,1
DA:141,1
DA:142,1
DA:143,1
DA:144,1
DA:145,1
DA:146,1
DA:147,1
DA:148,0
DA:149,0
DA:150,0
DA:151,1
DA:152,0
DA:153,0
DA:154,0
DA:155,0
DA:156,0
DA:157,0
DA:158,0
DA:159,0
DA:160,0
DA:161,0
DA:162,0
DA:163,0
DA:164,0
DA:165,1
DA:166,1
DA:167,0
DA:168,0
DA:169,1
DA:170,1
DA:171,1
DA:172,1
DA:173,3
DA:174,3
DA:175,3
DA:176,2
DA:177,2
DA:178,1
DA:179,1
DA:180,1
DA:181,1
DA:182,1
DA:183,1
DA:184,2
DA:185,1
DA:186,1
DA:187,1
DA:188,3
DA:189,3
DA:190,0
DA:191,0
DA:192,1
DA:193,1
DA:194,1
DA:195,1
DA:196,1
DA:197,1
DA:198,1
DA:199,1
DA:200,4
DA:201,4
DA:202,4
DA:203,4
DA:204,4
DA:205,4
DA:206,4
DA:207,4
DA:208,4
DA:209,0
DA:210,0
DA:211,4
DA:212,4
DA:213,4
DA:214,4
DA:215,4
DA:216,4
DA:217,4
DA:218,4
DA:219,4
DA:220,4
DA:221,4
DA:222,4
DA:223,4
DA:224,4
DA:225,4
DA:226,4
DA:227,4
DA:228,1
DA:229,1
DA:230,3
DA:231,3
DA:232,3
DA:233,1
DA:234,1
DA:235,3
DA:236,2
DA:237,2
DA:238,3
DA:239,1
DA:240,1
DA:241,3
DA:242,1
DA:243,1
DA:244,3
DA:245,1
DA:246,1
DA:247,3
DA:248,1
DA:249,1
DA:250,3
DA:251,1
DA:252,1
DA:253,3
DA:254,2
DA:255,2
DA:256,3
DA:257,1
DA:258,1
DA:259,3
DA:260,1
DA:261,1
DA:262,3
DA:263,1
DA:264,1
DA:265,3
DA:266,1
DA:267,1
DA:268,3
DA:269,3
DA:270,3
DA:271,3
DA:272,2
DA:273,2
DA:274,1
DA:275,1
DA:276,1
DA:277,1
DA:278,1
DA:279,1
DA:280,0
DA:281,0
DA:282,0
DA:283,4
DA:284,4
DA:285,0
DA:286,0
DA:287,4
DA:288,0
DA:289,0
DA:290,4
DA:291,0
DA:292,0
DA:293,4
DA:294,4
DA:295,0
DA:296,0
DA:297,1
LF:297
LH:238
BRDA:17,0,0,10
BRDA:22,1,0,9
BRDA:22,2,0,9
BRDA:22,3,0,9
BRDA:22,4,0,9
BRDA:22,5,0,9
BRDA:22,6,0,9
BRDA:22,7,0,9
BRDA:22,8,0,9
BRDA:22,9,0,9
BRDA:40,10,0,0
BRDA:43,11,0,8
BRDA:46,12,0,0
BRDA:50,13,0,6
BRDA:53,14,0,3
BRDA:57,15,0,0
BRDA:66,16,0,1
BRDA:71,17,0,0
BRDA:82,18,0,5
BRDA:84,19,0,4
BRDA:84,20,0,4
BRDA:86,21,0,3
BRDA:89,22,0,2
BRDA:91,23,0,0
BRDA:116,24,0,0
BRDA:119,25,0,1
BRDA:123,26,0,0
BRDA:126,27,0,0
BRDA:129,28,0,1
BRDA:133,29,0,1
BRDA:139,30,0,1
BRDA:148,31,0,0
BRDA:151,32,0,0
BRDA:166,33,0,0
BRDA:172,34,0,3
BRDA:175,35,0,2
BRDA:177,36,0,1
BRDA:185,37,0,1
BRDA:189,38,0,0
BRDA:199,39,0,4
BRDA:208,40,0,0
BRDA:227,41,0,1
BRDA:230,42,0,3
BRDA:232,43,0,1
BRDA:235,44,0,2
BRDA:238,45,0,1
BRDA:241,46,0,1
BRDA:244,47,0,1
BRDA:247,48,0,1
BRDA:250,49,0,1
BRDA:253,50,0,2
BRDA:256,51,0,1
BRDA:259,52,0,1
BRDA:262,53,0,1
BRDA:265,54,0,1
BRDA:268,55,0,2
BRDA:268,56,0,1
BRDA:269,57,0,2
BRDA:269,58,0,1
BRDA:271,59,0,2
BRDA:274,60,0,1
BRDA:280,61,0,0
BRDA:284,62,0,0
BRDA:287,63,0,0
BRDA:290,64,0,0
BRDA:294,65,0,0
BRDA:226,66,0,15
BRF:67
BRH:49
end_of_record
TN:
SF:src/routers/users/users-routes.ts
FNF:0
FNH:0
DA:1,1
DA:2,1
DA:3,1
DA:4,1
DA:5,1
DA:6,1
DA:7,1
DA:8,1
DA:9,1
DA:10,1
DA:11,1
DA:12,1
DA:13,1
DA:14,1
DA:15,1
DA:16,1
DA:17,1
DA:18,1
DA:19,16
DA:20,16
DA:21,16
DA:22,16
DA:23,9
DA:24,9
DA:25,9
DA:26,9
DA:27,9
DA:28,9
DA:29,9
DA:30,9
DA:31,9
DA:32,9
DA:33,9
DA:34,9
DA:35,9
DA:36,9
DA:37,1
DA:38,1
DA:39,9
DA:40,9
DA:41,3
DA:42,3
DA:43,6
DA:44,5
DA:45,5
DA:46,16
DA:47,7
DA:48,7
DA:49,16
DA:50,16
DA:51,1
DA:52,1
DA:53,1
DA:54,1
DA:55,1
DA:56,1
DA:57,1
DA:58,1
DA:59,1
DA:60,1
DA:61,1
DA:62,7
DA:63,7
DA:64,6
DA:65,6
DA:66,4
DA:67,4
DA:68,4
DA:69,3
DA:70,3
DA:71,0
DA:72,0
DA:73,3
DA:74,3
DA:75,3
DA:76,3
DA:77,3
DA:78,3
DA:79,3
DA:80,3
DA:81,3
DA:82,3
DA:83,3
DA:84,3
DA:85,3
DA:86,4
DA:87,1
DA:88,1
DA:89,4
DA:90,0
DA:91,0
DA:92,6
DA:93,0
DA:94,0
DA:95,7
DA:96,1
DA:97,1
DA:98,7
DA:99,7
DA:100,2
DA:101,2
DA:102,1
DA:103,1
DA:104,1
DA:105,3
DA:106,3
DA:107,3
DA:108,2
DA:109,2
DA:110,1
DA:111,1
DA:112,1
DA:113,1
DA:114,1
DA:115,1
DA:116,2
DA:117,1
DA:118,1
DA:119,1
DA:120,3
DA:121,3
DA:122,0
DA:123,0
DA:124,1
DA:125,1
DA:126,1
DA:127,6
DA:128,6
DA:129,5
DA:130,5
DA:131,5
DA:132,5
DA:133,5
DA:134,5
DA:135,1
DA:136,1
DA:137,4
DA:138,4
DA:139,4
DA:140,5
DA:141,1
DA:142,1
DA:143,3
DA:144,3
DA:145,3
DA:146,0
DA:147,0
DA:148,3
DA:149,2
DA:150,2
DA:151,3
DA:152,1
DA:153,1
DA:154,3
DA:155,0
DA:156,0
DA:157,3
DA:158,0
DA:159,0
DA:160,3
DA:161,3
DA:162,3
DA:163,3
DA:164,2
DA:165,2
DA:166,1
DA:167,1
DA:168,1
DA:169,1
DA:170,1
DA:171,1
DA:172,0
DA:173,0
DA:174,0
DA:175,5
DA:176,5
DA:177,0
DA:178,0
DA:179,5
DA:180,0
DA:181,0
DA:182,6
DA:183,1
DA:184,1
DA:185,6
DA:186,6
DA:187,0
DA:188,0
DA:189,1
LF:189
LH:166
BRDA:18,0,0,16
BRDA:22,1,0,15
BRDA:22,2,0,14
BRDA:22,3,0,13
BRDA:22,4,0,12
BRDA:22,5,0,11
BRDA:22,6,0,10
BRDA:22,7,0,9
BRDA:36,8,0,1
BRDA:40,9,0,3
BRDA:43,10,0,6
BRDA:44,11,0,5
BRDA:46,12,0,7
BRDA:50,13,0,1
BRDA:61,14,0,7
BRDA:63,15,0,6
BRDA:63,16,0,6
BRDA:65,17,0,4
BRDA:68,18,0,3
BRDA:70,19,0,0
BRDA:86,20,0,1
BRDA:89,21,0,0
BRDA:92,22,0,0
BRDA:95,23,0,1
BRDA:99,24,0,2
BRDA:104,25,0,3
BRDA:107,26,0,2
BRDA:109,27,0,1
BRDA:117,28,0,1
BRDA:121,29,0,0
BRDA:126,30,0,6
BRDA:128,31,0,5
BRDA:128,32,0,5
BRDA:134,33,0,1
BRDA:137,34,0,4
BRDA:140,35,0,1
BRDA:143,36,0,3
BRDA:145,37,0,0
BRDA:148,38,0,2
BRDA:151,39,0,1
BRDA:154,40,0,0
BRDA:157,41,0,0
BRDA:160,42,0,2
BRDA:160,43,0,1
BRDA:161,44,0,1
BRDA:161,45,0,2
BRDA:163,46,0,2
BRDA:166,47,0,1
BRDA:172,48,0,0
BRDA:176,49,0,0
BRDA:179,50,0,0
BRDA:182,51,0,1
BRDA:186,52,0,0
BRDA:139,53,0,4
BRF:54
BRH:43
end_of_record
