TN:
SF:src/app.ts
FNF:0
FNH:0
DA:1,1
DA:2,1
DA:3,1
DA:4,1
DA:5,1
DA:6,1
DA:7,1
DA:8,1
DA:9,1
DA:10,1
DA:11,1
DA:12,1
DA:13,1
DA:14,1
DA:15,1
DA:16,1
DA:17,1
DA:18,1
DA:19,1
DA:20,1
DA:21,1
DA:22,1
DA:23,1
DA:24,1
DA:25,1
DA:26,1
DA:27,1
DA:28,96
DA:29,96
DA:30,96
DA:31,96
DA:32,96
DA:33,1
DA:34,1
DA:35,1
DA:36,1
DA:37,1
DA:38,1
DA:39,1
LF:39
LH:39
BRDA:27,0,0,96
BRF:1
BRH:1
end_of_record
TN:
SF:src/env-variables.ts
FNF:0
FNH:0
DA:1,1
DA:2,1
DA:3,1
DA:4,1
DA:5,1
DA:6,1
DA:7,1
DA:8,1
DA:9,1
DA:10,1
DA:11,1
DA:12,1
DA:13,1
DA:14,1
DA:15,1
DA:16,1
DA:17,1
DA:18,1
DA:19,1
DA:20,1
DA:21,1
LF:21
LH:21
BRF:0
BRH:0
end_of_record
TN:
SF:src/database/mongoose.ts
FNF:0
FNH:0
DA:1,1
DA:2,1
DA:3,1
DA:4,1
DA:5,1
DA:6,1
DA:7,1
DA:8,1
DA:9,0
DA:10,1
DA:11,0
DA:12,1
DA:13,0
DA:14,0
DA:15,1
DA:16,0
DA:17,0
DA:18,1
DA:19,1
DA:20,1
DA:21,1
DA:22,1
DA:23,1
DA:24,0
DA:25,0
LF:25
LH:17
BRDA:8,0,0,0
BRDA:10,1,0,0
BRDA:12,2,0,0
BRDA:15,3,0,0
BRDA:23,4,0,0
BRF:5
BRH:0
end_of_record
TN:
SF:src/models/reservations/reservantions-models.ts
FNF:0
FNH:0
DA:1,1
DA:2,1
DA:3,1
DA:4,1
DA:5,1
DA:6,1
DA:7,1
DA:8,1
DA:9,1
DA:10,1
DA:11,1
DA:12,1
DA:13,1
DA:14,1
DA:15,1
DA:16,1
DA:17,1
DA:18,1
DA:19,1
DA:20,1
DA:21,1
DA:22,1
DA:23,1
DA:24,1
DA:25,1
DA:26,1
DA:27,1
DA:28,1
DA:29,1
DA:30,1
DA:31,1
DA:32,1
DA:33,1
DA:34,1
DA:35,1
DA:36,1
LF:36
LH:36
BRF:0
BRH:0
end_of_record
TN:
SF:src/models/reservations/reservation.ts
FN:22,calcularPeriodosDisponibles
FN:51,formatTime
FNF:2
FNH:2
FNDA:7,calcularPeriodosDisponibles
FNDA:104,formatTime
DA:1,1
DA:2,1
DA:3,1
DA:4,1
DA:5,1
DA:6,1
DA:7,1
DA:8,1
DA:9,1
DA:10,1
DA:11,1
DA:12,1
DA:13,1
DA:14,1
DA:15,1
DA:16,1
DA:17,1
DA:18,1
DA:19,1
DA:20,1
DA:21,1
DA:22,1
DA:23,7
DA:24,7
DA:25,7
DA:26,7
DA:27,7
DA:28,7
DA:29,7
DA:30,7
DA:31,7
DA:32,7
DA:33,7
DA:34,7
DA:35,7
DA:36,7
DA:37,7
DA:38,7
DA:39,52
DA:40,52
DA:41,52
DA:42,52
DA:43,52
DA:44,52
DA:45,52
DA:46,7
DA:47,7
DA:48,7
DA:49,1
DA:50,1
DA:51,104
DA:52,104
DA:53,104
DA:54,104
DA:55,104
LF:55
LH:55
BRDA:22,0,0,7
BRDA:25,1,0,1
BRDA:38,2,0,52
BRDA:51,3,0,104
BRF:4
BRH:4
end_of_record
TN:
SF:src/models/restaurants/restaurants-models.ts
FN:125,validateRestaurantSchema
FN:160,validateRestaurantSchemaEdit
FNF:2
FNH:2
FNDA:9,validateRestaurantSchema
FNDA:3,validateRestaurantSchemaEdit
DA:1,1
DA:2,1
DA:3,1
DA:4,1
DA:5,1
DA:6,1
DA:7,1
DA:8,1
DA:9,1
DA:10,1
DA:11,1
DA:12,1
DA:13,1
DA:14,1
DA:15,1
DA:16,1
DA:17,1
DA:18,1
DA:19,1
DA:20,1
DA:21,1
DA:22,1
DA:23,1
DA:24,1
DA:25,1
DA:26,1
DA:27,1
DA:28,1
DA:29,1
DA:30,1
DA:31,1
DA:32,1
DA:33,1
DA:34,1
DA:35,1
DA:36,1
DA:37,1
DA:38,1
DA:39,1
DA:40,1
DA:41,1
DA:42,1
DA:43,1
DA:44,1
DA:45,1
DA:46,1
DA:47,1
DA:48,1
DA:49,1
DA:50,1
DA:51,1
DA:52,1
DA:53,1
DA:54,1
DA:55,1
DA:56,1
DA:57,1
DA:58,1
DA:59,1
DA:60,1
DA:61,1
DA:62,1
DA:63,1
DA:64,1
DA:65,1
DA:66,1
DA:67,1
DA:68,1
DA:69,1
DA:70,1
DA:71,1
DA:72,1
DA:73,1
DA:74,1
DA:75,1
DA:76,1
DA:77,1
DA:78,1
DA:79,1
DA:80,1
DA:81,1
DA:82,1
DA:83,1
DA:84,1
DA:85,1
DA:86,1
DA:87,1
DA:88,1
DA:89,1
DA:90,1
DA:91,1
DA:92,1
DA:93,1
DA:94,1
DA:95,1
DA:96,1
DA:97,1
DA:98,1
DA:99,1
DA:100,1
DA:101,1
DA:102,1
DA:103,1
DA:104,1
DA:105,1
DA:106,1
DA:107,1
DA:108,1
DA:109,1
DA:110,1
DA:111,1
DA:112,1
DA:113,1
DA:114,1
DA:115,1
DA:116,1
DA:117,1
DA:118,1
DA:119,1
DA:120,1
DA:121,1
DA:122,1
DA:123,1
DA:124,1
DA:125,1
DA:126,9
DA:127,9
DA:128,9
DA:129,9
DA:130,9
DA:131,9
DA:132,9
DA:133,9
DA:134,9
DA:135,9
DA:136,9
DA:137,9
DA:138,9
DA:139,9
DA:140,9
DA:141,9
DA:142,9
DA:143,9
DA:144,6
DA:145,2
DA:146,2
DA:147,4
DA:148,2
DA:149,2
DA:150,2
DA:151,2
DA:152,2
DA:153,6
DA:154,3
DA:155,3
DA:156,3
DA:157,1
DA:158,1
DA:159,1
DA:160,1
DA:161,3
DA:162,2
DA:163,2
DA:164,2
DA:165,1
DA:166,1
DA:167,1
DA:168,1
DA:169,2
DA:170,2
DA:171,2
DA:172,2
DA:173,2
DA:174,2
DA:175,1
DA:176,1
DA:177,1
DA:178,1
DA:179,2
DA:180,1
DA:181,1
DA:182,1
LF:182
LH:182
BRDA:125,0,0,9
BRDA:143,1,0,6
BRDA:143,2,0,6
BRDA:144,3,0,3
BRDA:144,4,0,5
BRDA:144,5,0,3
BRDA:144,6,0,2
BRDA:147,7,0,4
BRDA:147,8,0,2
BRDA:147,9,0,3
BRDA:147,10,0,2
BRDA:147,11,0,2
BRDA:150,12,0,1
BRDA:150,13,0,1
BRDA:154,14,0,3
BRDA:160,15,0,3
BRDA:161,16,0,2
BRDA:164,17,0,1
BRDA:165,18,0,0
BRDA:174,19,0,1
BRDA:175,20,0,0
BRDA:180,21,0,1
BRF:22
BRH:20
end_of_record
TN:
SF:src/models/restaurants/restaurants.ts
FN:4,addHistoricReservations
FNF:1
FNH:1
FNDA:6,addHistoricReservations
DA:1,1
DA:2,1
DA:3,1
DA:4,1
DA:5,6
DA:6,6
DA:7,6
DA:8,6
DA:9,6
DA:10,4
DA:11,4
DA:12,4
DA:13,4
DA:14,4
DA:15,4
DA:16,1
DA:17,1
DA:18,1
DA:19,1
DA:20,1
DA:21,1
DA:22,1
DA:23,4
DA:24,6
DA:25,6
DA:26,0
DA:27,0
DA:28,0
DA:29,6
LF:29
LH:26
BRDA:4,0,0,6
BRDA:7,1,0,0
BRDA:9,2,0,4
BRDA:12,3,0,0
BRDA:15,4,0,1
BRDA:25,5,0,0
BRF:6
BRH:3
end_of_record
TN:
SF:src/models/users/users-model.ts
FN:88,validateUserSchema
FN:119,validateUserSchemaEdit
FNF:2
FNH:2
FNDA:9,validateUserSchema
FNDA:3,validateUserSchemaEdit
DA:1,1
DA:2,1
DA:3,1
DA:4,1
DA:5,1
DA:6,1
DA:7,1
DA:8,1
DA:9,1
DA:10,1
DA:11,1
DA:12,1
DA:13,1
DA:14,1
DA:15,1
DA:16,1
DA:17,1
DA:18,1
DA:19,1
DA:20,1
DA:21,1
DA:22,1
DA:23,1
DA:24,1
DA:25,1
DA:26,1
DA:27,1
DA:28,1
DA:29,1
DA:30,1
DA:31,1
DA:32,1
DA:33,1
DA:34,1
DA:35,1
DA:36,1
DA:37,1
DA:38,1
DA:39,1
DA:40,1
DA:41,1
DA:42,1
DA:43,1
DA:44,1
DA:45,1
DA:46,1
DA:47,1
DA:48,1
DA:49,1
DA:50,1
DA:51,1
DA:52,1
DA:53,1
DA:54,1
DA:55,1
DA:56,1
DA:57,1
DA:58,1
DA:59,1
DA:60,1
DA:61,1
DA:62,1
DA:63,1
DA:64,1
DA:65,1
DA:66,1
DA:67,1
DA:68,1
DA:69,1
DA:70,1
DA:71,1
DA:72,1
DA:73,1
DA:74,1
DA:75,1
DA:76,1
DA:77,1
DA:78,1
DA:79,1
DA:80,1
DA:81,1
DA:82,1
DA:83,1
DA:84,1
DA:85,1
DA:86,1
DA:87,1
DA:88,1
DA:89,9
DA:90,9
DA:91,9
DA:92,9
DA:93,9
DA:94,9
DA:95,9
DA:96,9
DA:97,9
DA:98,9
DA:99,9
DA:100,9
DA:101,9
DA:102,9
DA:103,9
DA:104,9
DA:105,9
DA:106,9
DA:107,3
DA:108,1
DA:109,3
DA:110,1
DA:111,1
DA:112,1
DA:113,1
DA:114,3
DA:115,6
DA:116,6
DA:117,6
DA:118,1
DA:119,1
DA:120,3
DA:121,2
DA:122,2
DA:123,2
DA:124,2
DA:125,1
DA:126,1
DA:127,1
DA:128,1
DA:129,2
DA:130,2
DA:131,3
DA:132,1
DA:133,1
DA:134,1
DA:135,1
DA:136,1
DA:137,1
DA:138,1
DA:139,1
DA:140,1
DA:141,1
DA:142,1
DA:143,1
LF:143
LH:143
BRDA:88,0,0,9
BRDA:106,1,0,6
BRDA:106,2,0,3
BRDA:107,3,0,2
BRDA:107,4,0,0
BRDA:107,5,0,1
BRDA:109,6,0,2
BRDA:109,7,0,1
BRDA:109,8,0,0
BRDA:109,9,0,1
BRDA:111,10,0,0
BRDA:115,11,0,6
BRDA:119,12,0,3
BRDA:120,13,0,2
BRDA:124,14,0,1
BRDA:124,15,0,1
BRDA:125,16,0,0
BRDA:131,17,0,1
BRDA:135,18,0,0
BRDA:136,19,0,0
BRF:20
BRH:14
end_of_record
TN:
SF:src/models/users/users.ts
FN:4,addHistoricReservations
FNF:1
FNH:1
FNDA:11,addHistoricReservations
DA:1,1
DA:2,1
DA:3,1
DA:4,1
DA:5,11
DA:6,11
DA:7,11
DA:8,9
DA:9,11
DA:10,7
DA:11,7
DA:12,7
DA:13,6
DA:14,6
DA:15,7
DA:16,0
DA:17,0
DA:18,0
DA:19,0
DA:20,0
DA:21,0
DA:22,0
DA:23,7
DA:24,8
DA:25,11
DA:26,0
DA:27,0
DA:28,11
LF:28
LH:19
BRDA:4,0,0,11
BRDA:7,1,0,2
BRDA:8,2,0,9
BRDA:9,3,0,7
BRDA:12,4,0,1
BRDA:13,5,0,6
BRDA:15,6,0,0
BRDA:24,7,0,8
BRDA:25,8,0,0
BRF:9
BRH:7
end_of_record
TN:
SF:src/routers/login/login-routers.ts
FNF:0
FNH:0
DA:1,1
DA:2,1
DA:3,1
DA:4,1
DA:5,1
DA:6,1
DA:7,1
DA:8,1
DA:9,1
DA:10,1
DA:11,1
DA:12,1
DA:13,1
DA:14,1
DA:15,1
DA:16,1
DA:17,1
DA:18,1
DA:19,1
DA:20,1
DA:21,1
DA:22,18
DA:23,18
DA:24,18
DA:25,14
DA:26,14
DA:27,14
DA:28,14
DA:29,7
DA:30,7
DA:31,7
DA:32,7
DA:33,7
DA:34,7
DA:35,7
DA:36,7
DA:37,7
DA:38,7
DA:39,0
DA:40,0
DA:41,7
DA:42,7
DA:43,7
DA:44,3
DA:45,3
DA:46,3
DA:47,3
DA:48,3
DA:49,3
DA:50,3
DA:51,3
DA:52,3
DA:53,3
DA:54,3
DA:55,3
DA:56,3
DA:57,3
DA:58,0
DA:59,0
DA:60,3
DA:61,7
DA:62,4
DA:63,4
DA:64,14
DA:65,18
DA:66,4
DA:67,4
DA:68,18
DA:69,18
DA:70,18
DA:71,0
DA:72,0
DA:73,0
DA:74,0
DA:75,0
DA:76,0
DA:77,0
DA:78,18
DA:79,1
LF:79
LH:68
BRDA:21,0,0,18
BRDA:24,1,0,16
BRDA:24,2,0,14
BRDA:28,3,0,8
BRDA:28,4,0,7
BRDA:38,5,0,0
BRDA:43,6,0,4
BRDA:43,7,0,3
BRDA:57,8,0,0
BRDA:61,9,0,4
BRDA:65,10,0,4
BRDA:70,11,0,0
BRF:12
BRH:9
end_of_record
TN:
SF:src/routers/reservations/reservation-routers.ts
FNF:0
FNH:0
DA:1,1
DA:2,1
DA:3,1
DA:4,1
DA:5,1
DA:6,1
DA:7,1
DA:8,1
DA:9,1
DA:10,1
DA:11,1
DA:12,1
DA:13,1
DA:14,1
DA:15,1
DA:16,1
DA:17,1
DA:18,1
DA:19,1
DA:20,1
DA:21,1
DA:22,1
DA:23,1
DA:24,1
DA:25,1
DA:26,1
DA:27,1
DA:28,1
DA:29,5
DA:30,5
DA:31,5
DA:32,5
DA:33,5
DA:34,4
DA:35,4
DA:36,4
DA:37,4
DA:38,4
DA:39,4
DA:40,4
DA:41,4
DA:42,4
DA:43,3
DA:44,3
DA:45,3
DA:46,3
DA:47,3
DA:48,3
DA:49,3
DA:50,3
DA:51,3
DA:52,3
DA:53,3
DA:54,3
DA:55,3
DA:56,3
DA:57,3
DA:58,3
DA:59,3
DA:60,3
DA:61,3
DA:62,3
DA:63,9
DA:64,9
DA:65,9
DA:66,9
DA:67,9
DA:68,9
DA:69,9
DA:70,9
DA:71,9
DA:72,9
DA:73,3
DA:74,3
DA:75,3
DA:76,3
DA:77,3
DA:78,3
DA:79,3
DA:80,3
DA:81,9
DA:82,9
DA:83,9
DA:84,9
DA:85,9
DA:86,9
DA:87,9
DA:88,9
DA:89,5
DA:90,5
DA:91,9
DA:92,3
DA:93,3
DA:94,3
DA:95,3
DA:96,3
DA:97,3
DA:98,3
DA:99,2
DA:100,8
DA:101,8
DA:102,0
DA:103,0
DA:104,8
DA:105,2
DA:106,3
DA:107,9
DA:108,3
DA:109,3
DA:110,4
DA:111,2
DA:112,2
DA:113,5
DA:114,0
DA:115,0
DA:116,0
DA:117,0
DA:118,0
DA:119,0
DA:120,0
DA:121,1
DA:122,1
DA:123,1
DA:124,3
DA:125,3
DA:126,3
DA:127,3
DA:128,3
DA:129,1
DA:130,1
DA:131,1
DA:132,1
DA:133,1
DA:134,1
DA:135,1
DA:136,1
DA:137,1
DA:138,1
DA:139,1
DA:140,1
DA:141,1
DA:142,1
DA:143,3
DA:144,1
DA:145,1
DA:146,1
DA:147,1
DA:148,1
DA:149,1
DA:150,1
DA:151,1
DA:152,1
DA:153,1
DA:154,3
DA:155,1
DA:156,1
DA:157,1
DA:158,1
DA:159,10
DA:160,10
DA:161,8
DA:162,8
DA:163,7
DA:164,7
DA:165,7
DA:166,7
DA:167,7
DA:168,5
DA:169,5
DA:170,5
DA:171,5
DA:172,5
DA:173,5
DA:174,5
DA:175,5
DA:176,5
DA:177,5
DA:178,5
DA:179,5
DA:180,0
DA:181,0
DA:182,5
DA:183,0
DA:184,0
DA:185,7
DA:186,2
DA:187,2
DA:188,7
DA:189,0
DA:190,0
DA:191,8
DA:192,0
DA:193,0
DA:194,10
DA:195,2
DA:196,2
DA:197,10
DA:198,10
DA:199,1
DA:200,1
DA:201,10
DA:202,1
DA:203,1
DA:204,1
DA:205,5
DA:206,5
DA:207,4
DA:208,4
DA:209,3
DA:210,3
DA:211,3
DA:212,3
DA:213,1
DA:214,1
DA:215,1
DA:216,1
DA:217,1
DA:218,1
DA:219,0
DA:220,0
DA:221,3
DA:222,2
DA:223,2
DA:224,3
DA:225,3
DA:226,0
DA:227,0
DA:228,4
DA:229,0
DA:230,0
DA:231,4
DA:232,5
DA:233,1
DA:234,1
DA:235,5
DA:236,5
DA:237,5
DA:238,1
DA:239,1
DA:240,5
DA:241,1
LF:241
LH:218
BRDA:28,0,0,5
BRDA:33,1,0,4
BRDA:42,2,0,3
BRDA:62,3,0,9
BRDA:72,4,0,3
BRDA:72,5,0,3
BRDA:80,6,0,9
BRDA:88,7,0,5
BRDA:88,8,0,5
BRDA:98,9,0,2
BRDA:99,10,0,8
BRDA:101,11,0,0
BRDA:111,12,0,2
BRDA:113,13,0,0
BRDA:123,14,0,3
BRDA:128,15,0,2
BRDA:128,16,0,1
BRDA:144,17,0,1
BRDA:158,18,0,10
BRDA:160,19,0,9
BRDA:160,20,0,9
BRDA:160,21,0,9
BRDA:160,22,0,8
BRDA:162,23,0,7
BRDA:167,24,0,6
BRDA:167,25,0,5
BRDA:179,26,0,0
BRDA:182,27,0,0
BRDA:185,28,0,2
BRDA:188,29,0,0
BRDA:191,30,0,0
BRDA:194,31,0,2
BRDA:198,32,0,1
BRDA:204,33,0,5
BRDA:206,34,0,4
BRDA:206,35,0,4
BRDA:206,36,0,4
BRDA:208,37,0,3
BRDA:212,38,0,1
BRDA:218,39,0,0
BRDA:221,40,0,2
BRDA:225,41,0,0
BRDA:228,42,0,0
BRDA:232,43,0,1
BRDA:237,44,0,1
BRF:45
BRH:36
end_of_record
TN:
SF:src/routers/restaurants/restaurants-routes.ts
FNF:0
FNH:0
DA:1,1
DA:2,1
DA:3,1
DA:4,1
DA:5,1
DA:6,1
DA:7,1
DA:8,1
DA:9,1
DA:10,1
DA:11,1
DA:12,1
DA:13,1
DA:14,1
DA:15,1
DA:16,1
DA:17,1
DA:18,1
DA:19,1
DA:20,1
DA:21,1
DA:22,1
DA:23,10
DA:24,10
DA:25,10
DA:26,10
DA:27,10
DA:28,9
DA:29,9
DA:30,9
DA:31,9
DA:32,9
DA:33,9
DA:34,9
DA:35,9
DA:36,9
DA:37,9
DA:38,9
DA:39,9
DA:40,9
DA:41,9
DA:42,9
DA:43,9
DA:44,9
DA:45,9
DA:46,0
DA:47,0
DA:48,9
DA:49,8
DA:50,8
DA:51,9
DA:52,0
DA:53,0
DA:54,9
DA:55,9
DA:56,6
DA:57,6
DA:58,3
DA:59,3
DA:60,3
DA:61,3
DA:62,9
DA:63,0
DA:64,0
DA:65,0
DA:66,0
DA:67,0
DA:68,0
DA:69,9
DA:70,9
DA:71,1
DA:72,1
DA:73,1
DA:74,1
DA:75,10
DA:76,10
DA:77,0
DA:78,0
DA:79,0
DA:80,0
DA:81,0
DA:82,0
DA:83,0
DA:84,1
DA:85,1
DA:86,1
DA:87,1
DA:88,5
DA:89,5
DA:90,4
DA:91,4
DA:92,3
DA:93,3
DA:94,3
DA:95,2
DA:96,2
DA:97,0
DA:98,0
DA:99,2
DA:100,2
DA:101,2
DA:102,2
DA:103,2
DA:104,2
DA:105,2
DA:106,2
DA:107,2
DA:108,2
DA:109,2
DA:110,2
DA:111,2
DA:112,2
DA:113,2
DA:114,2
DA:115,2
DA:116,2
DA:117,2
DA:118,2
DA:119,2
DA:120,2
DA:121,0
DA:122,0
DA:123,0
DA:124,3
DA:125,1
DA:126,1
DA:127,3
DA:128,3
DA:129,0
DA:130,0
DA:131,4
DA:132,0
DA:133,0
DA:134,5
DA:135,1
DA:136,1
DA:137,5
DA:138,5
DA:139,1
DA:140,1
DA:141,1
DA:142,1
DA:143,1
DA:144,1
DA:145,1
DA:146,1
DA:147,1
DA:148,1
DA:149,1
DA:150,1
DA:151,1
DA:152,1
DA:153,0
DA:154,0
DA:155,0
DA:156,1
DA:157,0
DA:158,0
DA:159,0
DA:160,0
DA:161,0
DA:162,0
DA:163,0
DA:164,0
DA:165,0
DA:166,0
DA:167,0
DA:168,0
DA:169,0
DA:170,1
DA:171,1
DA:172,0
DA:173,0
DA:174,1
DA:175,1
DA:176,1
DA:177,1
DA:178,3
DA:179,3
DA:180,3
DA:181,2
DA:182,2
DA:183,1
DA:184,1
DA:185,1
DA:186,1
DA:187,1
DA:188,1
DA:189,2
DA:190,1
DA:191,1
DA:192,1
DA:193,3
DA:194,3
DA:195,0
DA:196,0
DA:197,1
DA:198,1
DA:199,1
DA:200,1
DA:201,1
DA:202,1
DA:203,1
DA:204,1
DA:205,4
DA:206,4
DA:207,4
DA:208,4
DA:209,4
DA:210,4
DA:211,4
DA:212,4
DA:213,4
DA:214,0
DA:215,0
DA:216,4
DA:217,4
DA:218,4
DA:219,4
DA:220,4
DA:221,4
DA:222,4
DA:223,4
DA:224,4
DA:225,4
DA:226,4
DA:227,4
DA:228,4
DA:229,4
DA:230,4
DA:231,4
DA:232,4
DA:233,4
DA:234,4
DA:235,1
DA:236,1
DA:237,3
DA:238,3
DA:239,3
DA:240,1
DA:241,1
DA:242,3
DA:243,2
DA:244,2
DA:245,3
DA:246,1
DA:247,1
DA:248,3
DA:249,1
DA:250,1
DA:251,3
DA:252,1
DA:253,1
DA:254,3
DA:255,1
DA:256,1
DA:257,3
DA:258,1
DA:259,1
DA:260,3
DA:261,2
DA:262,2
DA:263,3
DA:264,1
DA:265,1
DA:266,3
DA:267,1
DA:268,1
DA:269,3
DA:270,1
DA:271,1
DA:272,3
DA:273,1
DA:274,1
DA:275,3
DA:276,3
DA:277,3
DA:278,3
DA:279,3
DA:280,2
DA:281,2
DA:282,1
DA:283,1
DA:284,1
DA:285,1
DA:286,1
DA:287,1
DA:288,0
DA:289,0
DA:290,0
DA:291,4
DA:292,4
DA:293,0
DA:294,0
DA:295,4
DA:296,0
DA:297,0
DA:298,4
DA:299,0
DA:300,0
DA:301,4
DA:302,4
DA:303,0
DA:304,0
DA:305,1
LF:305
LH:246
BRDA:22,0,0,10
BRDA:27,1,0,9
BRDA:27,2,0,9
BRDA:27,3,0,9
BRDA:27,4,0,9
BRDA:27,5,0,9
BRDA:27,6,0,9
BRDA:27,7,0,9
BRDA:27,8,0,9
BRDA:27,9,0,9
BRDA:45,10,0,0
BRDA:48,11,0,8
BRDA:51,12,0,0
BRDA:55,13,0,6
BRDA:58,14,0,3
BRDA:62,15,0,0
BRDA:71,16,0,1
BRDA:76,17,0,0
BRDA:87,18,0,5
BRDA:89,19,0,4
BRDA:89,20,0,4
BRDA:91,21,0,3
BRDA:94,22,0,2
BRDA:96,23,0,0
BRDA:121,24,0,0
BRDA:124,25,0,1
BRDA:128,26,0,0
BRDA:131,27,0,0
BRDA:134,28,0,1
BRDA:138,29,0,1
BRDA:144,30,0,1
BRDA:153,31,0,0
BRDA:156,32,0,0
BRDA:171,33,0,0
BRDA:177,34,0,3
BRDA:180,35,0,2
BRDA:182,36,0,1
BRDA:190,37,0,1
BRDA:194,38,0,0
BRDA:204,39,0,4
BRDA:213,40,0,0
BRDA:234,41,0,1
BRDA:237,42,0,3
BRDA:239,43,0,1
BRDA:242,44,0,2
BRDA:245,45,0,1
BRDA:248,46,0,1
BRDA:251,47,0,1
BRDA:254,48,0,1
BRDA:257,49,0,1
BRDA:260,50,0,2
BRDA:263,51,0,1
BRDA:266,52,0,1
BRDA:269,53,0,1
BRDA:272,54,0,1
BRDA:275,55,0,2
BRDA:275,56,0,1
BRDA:276,57,0,2
BRDA:276,58,0,1
BRDA:279,59,0,2
BRDA:282,60,0,1
BRDA:288,61,0,0
BRDA:292,62,0,0
BRDA:295,63,0,0
BRDA:298,64,0,0
BRDA:302,65,0,0
BRDA:233,66,0,15
BRF:67
BRH:49
end_of_record
TN:
SF:src/routers/users/users-routes.ts
FNF:0
FNH:0
DA:1,1
DA:2,1
DA:3,1
DA:4,1
DA:5,1
DA:6,1
DA:7,1
DA:8,1
DA:9,1
DA:10,1
DA:11,1
DA:12,1
DA:13,1
DA:14,1
DA:15,1
DA:16,1
DA:17,1
DA:18,1
DA:19,1
DA:20,16
DA:21,16
DA:22,16
DA:23,16
DA:24,9
DA:25,9
DA:26,9
DA:27,9
DA:28,9
DA:29,9
DA:30,9
DA:31,9
DA:32,9
DA:33,9
DA:34,9
DA:35,9
DA:36,9
DA:37,9
DA:38,1
DA:39,1
DA:40,9
DA:41,9
DA:42,3
DA:43,3
DA:44,6
DA:45,5
DA:46,5
DA:47,16
DA:48,7
DA:49,7
DA:50,16
DA:51,16
DA:52,1
DA:53,1
DA:54,1
DA:55,1
DA:56,1
DA:57,1
DA:58,1
DA:59,1
DA:60,1
DA:61,1
DA:62,1
DA:63,7
DA:64,7
DA:65,6
DA:66,6
DA:67,4
DA:68,4
DA:69,4
DA:70,3
DA:71,3
DA:72,0
DA:73,0
DA:74,3
DA:75,3
DA:76,3
DA:77,3
DA:78,3
DA:79,3
DA:80,3
DA:81,3
DA:82,3
DA:83,3
DA:84,3
DA:85,3
DA:86,3
DA:87,3
DA:88,4
DA:89,1
DA:90,1
DA:91,4
DA:92,0
DA:93,0
DA:94,6
DA:95,0
DA:96,0
DA:97,7
DA:98,1
DA:99,1
DA:100,7
DA:101,7
DA:102,2
DA:103,2
DA:104,1
DA:105,1
DA:106,1
DA:107,3
DA:108,3
DA:109,3
DA:110,2
DA:111,2
DA:112,1
DA:113,1
DA:114,1
DA:115,1
DA:116,1
DA:117,1
DA:118,2
DA:119,1
DA:120,1
DA:121,1
DA:122,3
DA:123,3
DA:124,0
DA:125,0
DA:126,1
DA:127,1
DA:128,1
DA:129,6
DA:130,6
DA:131,5
DA:132,5
DA:133,5
DA:134,5
DA:135,5
DA:136,5
DA:137,1
DA:138,1
DA:139,4
DA:140,4
DA:141,4
DA:142,5
DA:143,1
DA:144,1
DA:145,3
DA:146,3
DA:147,3
DA:148,0
DA:149,0
DA:150,3
DA:151,2
DA:152,2
DA:153,3
DA:154,1
DA:155,1
DA:156,3
DA:157,0
DA:158,0
DA:159,3
DA:160,0
DA:161,0
DA:162,3
DA:163,3
DA:164,3
DA:165,3
DA:166,2
DA:167,2
DA:168,1
DA:169,1
DA:170,1
DA:171,1
DA:172,1
DA:173,1
DA:174,0
DA:175,0
DA:176,0
DA:177,5
DA:178,5
DA:179,0
DA:180,0
DA:181,5
DA:182,0
DA:183,0
DA:184,6
DA:185,1
DA:186,1
DA:187,6
DA:188,6
DA:189,0
DA:190,0
DA:191,1
LF:191
LH:168
BRDA:19,0,0,16
BRDA:23,1,0,15
BRDA:23,2,0,14
BRDA:23,3,0,13
BRDA:23,4,0,12
BRDA:23,5,0,11
BRDA:23,6,0,10
BRDA:23,7,0,9
BRDA:37,8,0,1
BRDA:41,9,0,3
BRDA:44,10,0,6
BRDA:45,11,0,5
BRDA:47,12,0,7
BRDA:51,13,0,1
BRDA:62,14,0,7
BRDA:64,15,0,6
BRDA:64,16,0,6
BRDA:66,17,0,4
BRDA:69,18,0,3
BRDA:71,19,0,0
BRDA:88,20,0,1
BRDA:91,21,0,0
BRDA:94,22,0,0
BRDA:97,23,0,1
BRDA:101,24,0,2
BRDA:106,25,0,3
BRDA:109,26,0,2
BRDA:111,27,0,1
BRDA:119,28,0,1
BRDA:123,29,0,0
BRDA:128,30,0,6
BRDA:130,31,0,5
BRDA:130,32,0,5
BRDA:136,33,0,1
BRDA:139,34,0,4
BRDA:142,35,0,1
BRDA:145,36,0,3
BRDA:147,37,0,0
BRDA:150,38,0,2
BRDA:153,39,0,1
BRDA:156,40,0,0
BRDA:159,41,0,0
BRDA:162,42,0,2
BRDA:162,43,0,1
BRDA:163,44,0,1
BRDA:163,45,0,2
BRDA:165,46,0,2
BRDA:168,47,0,1
BRDA:174,48,0,0
BRDA:178,49,0,0
BRDA:181,50,0,0
BRDA:184,51,0,1
BRDA:188,52,0,0
BRDA:141,53,0,4
BRF:54
BRH:43
end_of_record
